2025-01-30 10:07:34,321 - INFO - Loading raw data from ../raw_data/@DoctorsET_messages.csv
2025-01-30 10:07:34,331 - INFO - Removing duplicates...
2025-01-30 10:07:34,333 - INFO - Handling missing values...
2025-01-30 10:07:34,338 - INFO - Standardizing formats...
2025-01-30 10:07:34,349 - INFO - Validating data...
2025-01-30 10:07:34,352 - ERROR - Error during data cleaning: Cannot save file into a non-existent directory: '..\cleaned_data'
2025-01-30 10:07:34,353 - INFO - Loading raw data from ../raw_data/@EAHCI_messages.csv
2025-01-30 10:07:34,357 - INFO - Removing duplicates...
2025-01-30 10:07:34,363 - INFO - Handling missing values...
2025-01-30 10:07:34,366 - INFO - Standardizing formats...
2025-01-30 10:07:34,375 - INFO - Validating data...
2025-01-30 10:07:34,376 - ERROR - Error during data cleaning: Cannot save file into a non-existent directory: '..\cleaned_data'
2025-01-30 10:07:34,376 - INFO - Loading raw data from ../raw_data/@lobelia4cosmetics_messages.csv
2025-01-30 10:07:34,382 - INFO - Removing duplicates...
2025-01-30 10:07:34,382 - INFO - Handling missing values...
2025-01-30 10:07:34,384 - INFO - Standardizing formats...
2025-01-30 10:07:34,389 - INFO - Validating data...
2025-01-30 10:07:34,390 - ERROR - Error during data cleaning: Cannot save file into a non-existent directory: '..\cleaned_data'
2025-01-30 10:07:34,390 - INFO - Loading raw data from ../raw_data/@yetenaweg_messages.csv
2025-01-30 10:07:34,393 - INFO - Removing duplicates...
2025-01-30 10:07:34,393 - INFO - Handling missing values...
2025-01-30 10:07:34,395 - INFO - Standardizing formats...
2025-01-30 10:07:34,398 - INFO - Validating data...
2025-01-30 10:07:34,399 - ERROR - Error during data cleaning: Cannot save file into a non-existent directory: '..\cleaned_data'
2025-01-30 10:08:47,491 - INFO - Loading raw data from ../raw_data/@DoctorsET_messages.csv
2025-01-30 10:08:47,497 - INFO - Removing duplicates...
2025-01-30 10:08:47,498 - INFO - Handling missing values...
2025-01-30 10:08:47,502 - INFO - Standardizing formats...
2025-01-30 10:08:47,508 - INFO - Validating data...
2025-01-30 10:08:47,512 - INFO - Cleaned data saved to ../cleaned_data/DoctorsET_cleaned.csv
2025-01-30 10:08:47,513 - INFO - Loading raw data from ../raw_data/@EAHCI_messages.csv
2025-01-30 10:08:47,519 - INFO - Removing duplicates...
2025-01-30 10:08:47,520 - INFO - Handling missing values...
2025-01-30 10:08:47,523 - INFO - Standardizing formats...
2025-01-30 10:08:47,532 - INFO - Validating data...
2025-01-30 10:08:47,539 - INFO - Cleaned data saved to ../cleaned_data/EAHCI_messages.csv
2025-01-30 10:08:47,540 - INFO - Loading raw data from ../raw_data/@lobelia4cosmetics_messages.csv
2025-01-30 10:08:47,544 - INFO - Removing duplicates...
2025-01-30 10:08:47,545 - INFO - Handling missing values...
2025-01-30 10:08:47,547 - INFO - Standardizing formats...
2025-01-30 10:08:47,553 - INFO - Validating data...
2025-01-30 10:08:47,565 - INFO - Cleaned data saved to ../cleaned_data/lobelia4cosmetics_messages.csv
2025-01-30 10:08:47,565 - INFO - Loading raw data from ../raw_data/@yetenaweg_messages.csv
2025-01-30 10:08:47,570 - INFO - Removing duplicates...
2025-01-30 10:08:47,571 - INFO - Handling missing values...
2025-01-30 10:08:47,573 - INFO - Standardizing formats...
2025-01-30 10:08:47,577 - INFO - Validating data...
2025-01-30 10:08:47,581 - INFO - Cleaned data saved to ../cleaned_data/yetenaweg_messages.csv
2025-01-30 10:54:11,330 - INFO - Loading raw data from ../raw_data/@DoctorsET_messages.csv
2025-01-30 10:54:11,356 - INFO - Removing duplicates...
2025-01-30 10:54:11,360 - INFO - Handling missing values...
2025-01-30 10:54:11,372 - INFO - Standardizing formats...
2025-01-30 10:54:11,400 - INFO - Validating data...
2025-01-30 10:54:11,419 - INFO - Cleaned data saved to ../cleaned_data/DoctorsET_cleaned.csv
2025-01-30 10:54:11,421 - INFO - Loading raw data from ../raw_data/@EAHCI_messages.csv
2025-01-30 10:54:11,434 - INFO - Removing duplicates...
2025-01-30 10:54:11,437 - INFO - Handling missing values...
2025-01-30 10:54:11,447 - INFO - Standardizing formats...
2025-01-30 10:54:11,461 - INFO - Validating data...
2025-01-30 10:54:11,478 - INFO - Cleaned data saved to ../cleaned_data/EAHCI_messages.csv
2025-01-30 10:54:11,480 - INFO - Loading raw data from ../raw_data/@lobelia4cosmetics_messages.csv
2025-01-30 10:54:11,494 - INFO - Removing duplicates...
2025-01-30 10:54:11,497 - INFO - Handling missing values...
2025-01-30 10:54:11,503 - INFO - Standardizing formats...
2025-01-30 10:54:11,517 - INFO - Validating data...
2025-01-30 10:54:11,527 - INFO - Cleaned data saved to ../cleaned_data/lobelia4cosmetics_messages.csv
2025-01-30 10:54:11,527 - INFO - Loading raw data from ../raw_data/@yetenaweg_messages.csv
2025-01-30 10:54:11,534 - INFO - Removing duplicates...
2025-01-30 10:54:11,536 - INFO - Handling missing values...
2025-01-30 10:54:11,539 - INFO - Standardizing formats...
2025-01-30 10:54:11,545 - INFO - Validating data...
2025-01-30 10:54:11,550 - INFO - Cleaned data saved to ../cleaned_data/yetenaweg_messages.csv
2025-01-30 10:54:20,627 - ERROR - Error saving data to PostgreSQL: connection to server at "localhost" (::1), port 5432 failed: FATAL:  password authentication failed for user "postgres,"

2025-01-30 10:54:20,698 - ERROR - Error saving data to PostgreSQL: connection to server at "localhost" (::1), port 5432 failed: FATAL:  password authentication failed for user "postgres,"

2025-01-30 10:54:20,784 - ERROR - Error saving data to PostgreSQL: connection to server at "localhost" (::1), port 5432 failed: FATAL:  password authentication failed for user "postgres,"

2025-01-30 10:54:20,863 - ERROR - Error saving data to PostgreSQL: connection to server at "localhost" (::1), port 5432 failed: FATAL:  password authentication failed for user "postgres,"

2025-01-31 11:05:58,614 - ERROR - Error saving data to PostgreSQL: integer out of range

2025-01-31 11:05:58,802 - ERROR - Error saving data to PostgreSQL: integer out of range

2025-01-31 11:05:59,001 - INFO - Data saved to PostgreSQL table lobelia4cosmetics_messages
2025-01-31 11:05:59,068 - ERROR - Error saving data to PostgreSQL: [Errno 2] No such file or directory: '../cleaned_data/yetenaweg_messages'
2025-01-31 11:07:00,953 - ERROR - Error saving data to PostgreSQL: integer out of range

2025-01-31 11:07:01,037 - ERROR - Error saving data to PostgreSQL: integer out of range

2025-01-31 11:07:01,150 - INFO - Data saved to PostgreSQL table lobelia4cosmetics_messages
2025-01-31 11:07:01,402 - ERROR - Error saving data to PostgreSQL: integer out of range

2025-01-31 11:12:29,116 - ERROR - Error saving data to PostgreSQL: bigint out of range

2025-01-31 11:12:29,213 - ERROR - Error saving data to PostgreSQL: bigint out of range

2025-01-31 11:12:29,361 - INFO - Data saved to PostgreSQL table lobelia4cosmetics_messages
2025-01-31 11:12:29,472 - ERROR - Error saving data to PostgreSQL: bigint out of range

2025-01-31 11:24:24,825 - ERROR - Error saving data to PostgreSQL: Must specify a fill 'value' or 'method'.
2025-01-31 11:24:24,902 - ERROR - Error saving data to PostgreSQL: Must specify a fill 'value' or 'method'.
2025-01-31 11:24:24,991 - ERROR - Error saving data to PostgreSQL: Must specify a fill 'value' or 'method'.
2025-01-31 11:24:25,071 - ERROR - Error saving data to PostgreSQL: Must specify a fill 'value' or 'method'.
2025-01-31 11:26:37,297 - ERROR - Error saving data to PostgreSQL: integer out of range

2025-01-31 11:26:37,570 - ERROR - Error saving data to PostgreSQL: integer out of range

2025-01-31 11:26:37,770 - INFO - Data saved to PostgreSQL table lobelia4cosmetics_messages
2025-01-31 11:26:37,899 - ERROR - Error saving data to PostgreSQL: integer out of range

2025-01-31 11:33:17,599 - ERROR - Error saving data to PostgreSQL: The truth value of a Series is ambiguous. Use a.empty, a.bool(), a.item(), a.any() or a.all().
2025-01-31 11:33:17,672 - ERROR - Error saving data to PostgreSQL: The truth value of a Series is ambiguous. Use a.empty, a.bool(), a.item(), a.any() or a.all().
2025-01-31 11:33:17,745 - ERROR - Error saving data to PostgreSQL: The truth value of a Series is ambiguous. Use a.empty, a.bool(), a.item(), a.any() or a.all().
2025-01-31 11:33:17,822 - ERROR - Error saving data to PostgreSQL: The truth value of a Series is ambiguous. Use a.empty, a.bool(), a.item(), a.any() or a.all().
2025-01-31 11:35:37,835 - INFO - Data saved to PostgreSQL table doctorset_messages
2025-01-31 11:35:37,990 - INFO - Data saved to PostgreSQL table eahci_messages
2025-01-31 11:35:38,129 - INFO - Data saved to PostgreSQL table lobelia4cosmetics_messages
2025-01-31 11:35:38,293 - INFO - Data saved to PostgreSQL table yetenaweg_messages
