2025-02-03 12:39:37,865 - INFO - Created detections table in the database.
2025-02-03 12:40:28,171 - INFO - Created detections table in the database.
2025-02-03 12:42:05,303 - INFO - Created detections table in the database.
2025-02-03 12:44:38,732 - INFO - Created detections table in the database.
2025-02-03 12:53:47,115 - INFO - Created detections table in the database.
2025-02-03 12:56:54,848 - INFO - Created detections table in the database.
2025-02-03 13:00:01,765 - INFO - Loaded YOLOv5 model.
2025-02-03 13:00:01,769 - INFO - Processing image: ../../data/images\photo_2022-09-05_09-57-09.jpg
2025-02-03 13:30:29,958 - INFO - Created detections table in the database.
2025-02-03 16:51:36,497 - INFO - Created detections table in the database.
2025-02-03 16:51:59,575 - INFO - Loaded YOLOv5 model.
2025-02-03 16:51:59,580 - INFO - Processing image: ../../data/images\photo_2022-09-05_09-57-09.jpg
2025-02-03 16:56:10,358 - INFO - Created detections table in the database.
2025-02-03 16:56:16,746 - INFO - Loaded YOLOv5 model.
2025-02-03 16:56:16,751 - INFO - Processing image: ../../data/images\photo_2022-09-05_09-57-09.jpg
2025-02-03 17:28:24,596 - INFO - Loaded YOLOv5 model.
2025-02-03 17:28:24,597 - INFO - Class names: {0: 'person', 1: 'bicycle', 2: 'car', 3: 'motorcycle', 4: 'airplane', 5: 'bus', 6: 'train', 7: 'truck', 8: 'boat', 9: 'traffic light', 10: 'fire hydrant', 11: 'stop sign', 12: 'parking meter', 13: 'bench', 14: 'bird', 15: 'cat', 16: 'dog', 17: 'horse', 18: 'sheep', 19: 'cow', 20: 'elephant', 21: 'bear', 22: 'zebra', 23: 'giraffe', 24: 'backpack', 25: 'umbrella', 26: 'handbag', 27: 'tie', 28: 'suitcase', 29: 'frisbee', 30: 'skis', 31: 'snowboard', 32: 'sports ball', 33: 'kite', 34: 'baseball bat', 35: 'baseball glove', 36: 'skateboard', 37: 'surfboard', 38: 'tennis racket', 39: 'bottle', 40: 'wine glass', 41: 'cup', 42: 'fork', 43: 'knife', 44: 'spoon', 45: 'bowl', 46: 'banana', 47: 'apple', 48: 'sandwich', 49: 'orange', 50: 'broccoli', 51: 'carrot', 52: 'hot dog', 53: 'pizza', 54: 'donut', 55: 'cake', 56: 'chair', 57: 'couch', 58: 'potted plant', 59: 'bed', 60: 'dining table', 61: 'toilet', 62: 'tv', 63: 'laptop', 64: 'mouse', 65: 'remote', 66: 'keyboard', 67: 'cell phone', 68: 'microwave', 69: 'oven', 70: 'toaster', 71: 'sink', 72: 'refrigerator', 73: 'book', 74: 'clock', 75: 'vase', 76: 'scissors', 77: 'teddy bear', 78: 'hair drier', 79: 'toothbrush'}
2025-02-03 17:30:37,041 - INFO - Created detections table in the database.
2025-02-03 17:30:43,483 - INFO - Loaded YOLOv5 model.
2025-02-03 17:30:43,484 - INFO - Class names: {0: 'person', 1: 'bicycle', 2: 'car', 3: 'motorcycle', 4: 'airplane', 5: 'bus', 6: 'train', 7: 'truck', 8: 'boat', 9: 'traffic light', 10: 'fire hydrant', 11: 'stop sign', 12: 'parking meter', 13: 'bench', 14: 'bird', 15: 'cat', 16: 'dog', 17: 'horse', 18: 'sheep', 19: 'cow', 20: 'elephant', 21: 'bear', 22: 'zebra', 23: 'giraffe', 24: 'backpack', 25: 'umbrella', 26: 'handbag', 27: 'tie', 28: 'suitcase', 29: 'frisbee', 30: 'skis', 31: 'snowboard', 32: 'sports ball', 33: 'kite', 34: 'baseball bat', 35: 'baseball glove', 36: 'skateboard', 37: 'surfboard', 38: 'tennis racket', 39: 'bottle', 40: 'wine glass', 41: 'cup', 42: 'fork', 43: 'knife', 44: 'spoon', 45: 'bowl', 46: 'banana', 47: 'apple', 48: 'sandwich', 49: 'orange', 50: 'broccoli', 51: 'carrot', 52: 'hot dog', 53: 'pizza', 54: 'donut', 55: 'cake', 56: 'chair', 57: 'couch', 58: 'potted plant', 59: 'bed', 60: 'dining table', 61: 'toilet', 62: 'tv', 63: 'laptop', 64: 'mouse', 65: 'remote', 66: 'keyboard', 67: 'cell phone', 68: 'microwave', 69: 'oven', 70: 'toaster', 71: 'sink', 72: 'refrigerator', 73: 'book', 74: 'clock', 75: 'vase', 76: 'scissors', 77: 'teddy bear', 78: 'hair drier', 79: 'toothbrush'}
2025-02-03 17:31:26,320 - INFO - Created detections table in the database.
2025-02-03 17:31:33,165 - INFO - Loaded YOLOv5 model.
2025-02-03 17:31:33,166 - INFO - Class names: {0: 'person', 1: 'bicycle', 2: 'car', 3: 'motorcycle', 4: 'airplane', 5: 'bus', 6: 'train', 7: 'truck', 8: 'boat', 9: 'traffic light', 10: 'fire hydrant', 11: 'stop sign', 12: 'parking meter', 13: 'bench', 14: 'bird', 15: 'cat', 16: 'dog', 17: 'horse', 18: 'sheep', 19: 'cow', 20: 'elephant', 21: 'bear', 22: 'zebra', 23: 'giraffe', 24: 'backpack', 25: 'umbrella', 26: 'handbag', 27: 'tie', 28: 'suitcase', 29: 'frisbee', 30: 'skis', 31: 'snowboard', 32: 'sports ball', 33: 'kite', 34: 'baseball bat', 35: 'baseball glove', 36: 'skateboard', 37: 'surfboard', 38: 'tennis racket', 39: 'bottle', 40: 'wine glass', 41: 'cup', 42: 'fork', 43: 'knife', 44: 'spoon', 45: 'bowl', 46: 'banana', 47: 'apple', 48: 'sandwich', 49: 'orange', 50: 'broccoli', 51: 'carrot', 52: 'hot dog', 53: 'pizza', 54: 'donut', 55: 'cake', 56: 'chair', 57: 'couch', 58: 'potted plant', 59: 'bed', 60: 'dining table', 61: 'toilet', 62: 'tv', 63: 'laptop', 64: 'mouse', 65: 'remote', 66: 'keyboard', 67: 'cell phone', 68: 'microwave', 69: 'oven', 70: 'toaster', 71: 'sink', 72: 'refrigerator', 73: 'book', 74: 'clock', 75: 'vase', 76: 'scissors', 77: 'teddy bear', 78: 'hair drier', 79: 'toothbrush'}
2025-02-03 17:34:20,018 - INFO - Created detections table in the database.
2025-02-03 17:34:20,392 - INFO - Loaded YOLOv5 model.
2025-02-03 17:34:20,392 - INFO - Class names: {0: 'person', 1: 'bicycle', 2: 'car', 3: 'motorcycle', 4: 'airplane', 5: 'bus', 6: 'train', 7: 'truck', 8: 'boat', 9: 'traffic light', 10: 'fire hydrant', 11: 'stop sign', 12: 'parking meter', 13: 'bench', 14: 'bird', 15: 'cat', 16: 'dog', 17: 'horse', 18: 'sheep', 19: 'cow', 20: 'elephant', 21: 'bear', 22: 'zebra', 23: 'giraffe', 24: 'backpack', 25: 'umbrella', 26: 'handbag', 27: 'tie', 28: 'suitcase', 29: 'frisbee', 30: 'skis', 31: 'snowboard', 32: 'sports ball', 33: 'kite', 34: 'baseball bat', 35: 'baseball glove', 36: 'skateboard', 37: 'surfboard', 38: 'tennis racket', 39: 'bottle', 40: 'wine glass', 41: 'cup', 42: 'fork', 43: 'knife', 44: 'spoon', 45: 'bowl', 46: 'banana', 47: 'apple', 48: 'sandwich', 49: 'orange', 50: 'broccoli', 51: 'carrot', 52: 'hot dog', 53: 'pizza', 54: 'donut', 55: 'cake', 56: 'chair', 57: 'couch', 58: 'potted plant', 59: 'bed', 60: 'dining table', 61: 'toilet', 62: 'tv', 63: 'laptop', 64: 'mouse', 65: 'remote', 66: 'keyboard', 67: 'cell phone', 68: 'microwave', 69: 'oven', 70: 'toaster', 71: 'sink', 72: 'refrigerator', 73: 'book', 74: 'clock', 75: 'vase', 76: 'scissors', 77: 'teddy bear', 78: 'hair drier', 79: 'toothbrush'}
2025-02-03 17:35:07,537 - INFO - Created detections table in the database.
2025-02-03 17:35:13,454 - INFO - Loaded YOLOv5 model.
2025-02-03 17:35:13,454 - INFO - Class names: {0: 'person', 1: 'bicycle', 2: 'car', 3: 'motorcycle', 4: 'airplane', 5: 'bus', 6: 'train', 7: 'truck', 8: 'boat', 9: 'traffic light', 10: 'fire hydrant', 11: 'stop sign', 12: 'parking meter', 13: 'bench', 14: 'bird', 15: 'cat', 16: 'dog', 17: 'horse', 18: 'sheep', 19: 'cow', 20: 'elephant', 21: 'bear', 22: 'zebra', 23: 'giraffe', 24: 'backpack', 25: 'umbrella', 26: 'handbag', 27: 'tie', 28: 'suitcase', 29: 'frisbee', 30: 'skis', 31: 'snowboard', 32: 'sports ball', 33: 'kite', 34: 'baseball bat', 35: 'baseball glove', 36: 'skateboard', 37: 'surfboard', 38: 'tennis racket', 39: 'bottle', 40: 'wine glass', 41: 'cup', 42: 'fork', 43: 'knife', 44: 'spoon', 45: 'bowl', 46: 'banana', 47: 'apple', 48: 'sandwich', 49: 'orange', 50: 'broccoli', 51: 'carrot', 52: 'hot dog', 53: 'pizza', 54: 'donut', 55: 'cake', 56: 'chair', 57: 'couch', 58: 'potted plant', 59: 'bed', 60: 'dining table', 61: 'toilet', 62: 'tv', 63: 'laptop', 64: 'mouse', 65: 'remote', 66: 'keyboard', 67: 'cell phone', 68: 'microwave', 69: 'oven', 70: 'toaster', 71: 'sink', 72: 'refrigerator', 73: 'book', 74: 'clock', 75: 'vase', 76: 'scissors', 77: 'teddy bear', 78: 'hair drier', 79: 'toothbrush'}
2025-02-03 17:35:13,457 - INFO - Processing image: ../../data/images\photo_2022-09-05_09-57-09.jpg
2025-02-03 17:35:13,769 - INFO - No detections found.
2025-02-03 17:35:13,770 - INFO - Processing image: ../../data/images\photo_2022-09-05_10-02-05.jpg
2025-02-03 17:35:14,037 - INFO - No detections found.
2025-02-03 17:35:14,037 - INFO - Processing image: ../../data/images\photo_2022-09-06_04-26-15.jpg
2025-02-03 17:35:14,305 - INFO - No detections found.
2025-02-03 17:35:14,306 - INFO - Processing image: ../../data/images\photo_2022-09-07_09-16-40.jpg
2025-02-03 17:35:14,620 - INFO - No detections found.
2025-02-03 17:35:14,621 - INFO - Processing image: ../../data/images\photo_2022-09-10_15-55-25.jpg
2025-02-03 17:35:14,914 - INFO - No detections found.
2025-02-03 17:35:14,915 - INFO - Processing image: ../../data/images\photo_2022-09-16_07-42-31.jpg
2025-02-03 17:35:15,187 - INFO - Detected 33 objects in ../../data/images\photo_2022-09-16_07-42-31.jpg
2025-02-03 17:35:15,193 - INFO - Saved detection results to data/detections\photo_2022-09-16_07-42-31_detections.csv
2025-02-03 17:35:15,275 - INFO - Saved detection for person to the database.
2025-02-03 17:35:15,353 - INFO - Saved detection for person to the database.
2025-02-03 17:35:15,421 - INFO - Saved detection for person to the database.
2025-02-03 17:35:15,492 - INFO - Saved detection for person to the database.
2025-02-03 17:35:15,573 - INFO - Saved detection for person to the database.
2025-02-03 17:35:15,693 - INFO - Saved detection for person to the database.
2025-02-03 17:35:15,811 - INFO - Saved detection for person to the database.
2025-02-03 17:35:15,936 - INFO - Saved detection for person to the database.
2025-02-03 17:35:16,047 - INFO - Saved detection for person to the database.
2025-02-03 17:35:16,179 - INFO - Saved detection for person to the database.
2025-02-03 17:35:16,302 - INFO - Saved detection for person to the database.
2025-02-03 17:35:16,388 - INFO - Saved detection for person to the database.
2025-02-03 17:35:16,467 - INFO - Saved detection for person to the database.
2025-02-03 17:35:16,564 - INFO - Saved detection for person to the database.
2025-02-03 17:35:16,656 - INFO - Saved detection for person to the database.
2025-02-03 17:35:16,770 - INFO - Saved detection for person to the database.
2025-02-03 17:35:16,855 - INFO - Saved detection for person to the database.
2025-02-03 17:35:16,950 - INFO - Saved detection for person to the database.
2025-02-03 17:35:17,022 - INFO - Saved detection for person to the database.
2025-02-03 17:35:17,122 - INFO - Saved detection for person to the database.
2025-02-03 17:35:17,202 - INFO - Saved detection for person to the database.
2025-02-03 17:35:17,292 - INFO - Saved detection for person to the database.
2025-02-03 17:35:17,388 - INFO - Saved detection for person to the database.
2025-02-03 17:35:17,459 - INFO - Saved detection for person to the database.
2025-02-03 17:35:17,552 - INFO - Saved detection for person to the database.
2025-02-03 17:35:17,756 - INFO - Saved detection for person to the database.
2025-02-03 17:35:17,877 - INFO - Saved detection for person to the database.
2025-02-03 17:35:17,955 - INFO - Saved detection for person to the database.
2025-02-03 17:35:18,047 - INFO - Saved detection for person to the database.
2025-02-03 17:35:18,171 - INFO - Saved detection for person to the database.
2025-02-03 17:35:18,297 - INFO - Saved detection for person to the database.
2025-02-03 17:35:18,421 - INFO - Saved detection for person to the database.
2025-02-03 17:35:18,498 - INFO - Saved detection for person to the database.
2025-02-03 17:35:18,499 - INFO - Processing image: ../../data/images\photo_2022-09-28_05-45-31.jpg
2025-02-03 17:35:18,792 - INFO - No detections found.
2025-02-03 17:35:18,793 - INFO - Processing image: ../../data/images\photo_2022-09-30_07-33-42.jpg
2025-02-03 17:35:19,061 - INFO - No detections found.
2025-02-03 17:35:19,062 - INFO - Processing image: ../../data/images\photo_2022-10-03_05-16-30.jpg
2025-02-03 17:35:19,333 - INFO - Detected 2 objects in ../../data/images\photo_2022-10-03_05-16-30.jpg
2025-02-03 17:35:19,335 - INFO - Saved detection results to data/detections\photo_2022-10-03_05-16-30_detections.csv
2025-02-03 17:35:19,415 - INFO - Saved detection for person to the database.
2025-02-03 17:35:19,489 - INFO - Saved detection for person to the database.
2025-02-03 17:35:19,489 - INFO - Processing image: ../../data/images\photo_2022-10-06_09-23-46.jpg
2025-02-03 17:35:19,740 - INFO - No detections found.
2025-02-03 17:35:19,741 - INFO - Processing image: ../../data/images\photo_2022-10-12_14-14-19.jpg
2025-02-03 17:35:20,010 - INFO - Detected 16 objects in ../../data/images\photo_2022-10-12_14-14-19.jpg
2025-02-03 17:35:20,015 - INFO - Saved detection results to data/detections\photo_2022-10-12_14-14-19_detections.csv
2025-02-03 17:35:20,097 - INFO - Saved detection for person to the database.
2025-02-03 17:35:20,168 - INFO - Saved detection for person to the database.
2025-02-03 17:35:20,233 - INFO - Saved detection for person to the database.
2025-02-03 17:35:20,306 - INFO - Saved detection for person to the database.
2025-02-03 17:35:20,431 - INFO - Saved detection for person to the database.
2025-02-03 17:35:20,559 - INFO - Saved detection for person to the database.
2025-02-03 17:35:20,680 - INFO - Saved detection for person to the database.
2025-02-03 17:35:20,807 - INFO - Saved detection for person to the database.
2025-02-03 17:35:20,929 - INFO - Saved detection for person to the database.
2025-02-03 17:35:21,043 - INFO - Saved detection for person to the database.
2025-02-03 17:35:21,140 - INFO - Saved detection for person to the database.
2025-02-03 17:35:21,253 - INFO - Saved detection for person to the database.
2025-02-03 17:35:21,337 - INFO - Saved detection for person to the database.
2025-02-03 17:35:21,430 - INFO - Saved detection for person to the database.
2025-02-03 17:35:21,561 - INFO - Saved detection for person to the database.
2025-02-03 17:35:21,644 - INFO - Saved detection for person to the database.
2025-02-03 17:35:21,644 - INFO - Processing image: ../../data/images\photo_2022-10-12_14-14-52.jpg
2025-02-03 17:35:21,913 - INFO - Detected 16 objects in ../../data/images\photo_2022-10-12_14-14-52.jpg
2025-02-03 17:35:21,916 - INFO - Saved detection results to data/detections\photo_2022-10-12_14-14-52_detections.csv
2025-02-03 17:35:22,102 - INFO - Saved detection for person to the database.
2025-02-03 17:35:22,169 - INFO - Saved detection for person to the database.
2025-02-03 17:35:22,291 - INFO - Saved detection for person to the database.
2025-02-03 17:35:22,413 - INFO - Saved detection for person to the database.
2025-02-03 17:35:22,540 - INFO - Saved detection for person to the database.
2025-02-03 17:35:22,653 - INFO - Saved detection for person to the database.
2025-02-03 17:35:22,751 - INFO - Saved detection for person to the database.
2025-02-03 17:35:22,845 - INFO - Saved detection for person to the database.
2025-02-03 17:35:22,926 - INFO - Saved detection for person to the database.
2025-02-03 17:35:23,012 - INFO - Saved detection for person to the database.
2025-02-03 17:35:23,115 - INFO - Saved detection for person to the database.
2025-02-03 17:35:23,225 - INFO - Saved detection for person to the database.
2025-02-03 17:35:23,343 - INFO - Saved detection for person to the database.
2025-02-03 17:35:23,460 - INFO - Saved detection for person to the database.
2025-02-03 17:35:23,586 - INFO - Saved detection for person to the database.
2025-02-03 17:35:23,708 - INFO - Saved detection for person to the database.
2025-02-03 17:35:23,708 - INFO - Processing image: ../../data/images\photo_2022-10-17_14-02-40.jpg
2025-02-03 17:35:24,008 - INFO - No detections found.
2025-02-03 17:35:24,008 - INFO - Processing image: ../../data/images\photo_2022-10-18_07-57-36.jpg
2025-02-03 17:35:24,264 - INFO - Detected 4 objects in ../../data/images\photo_2022-10-18_07-57-36.jpg
2025-02-03 17:35:24,267 - INFO - Saved detection results to data/detections\photo_2022-10-18_07-57-36_detections.csv
2025-02-03 17:35:24,343 - INFO - Saved detection for person to the database.
2025-02-03 17:35:24,414 - INFO - Saved detection for person to the database.
2025-02-03 17:35:24,479 - INFO - Saved detection for person to the database.
2025-02-03 17:35:24,549 - INFO - Saved detection for person to the database.
2025-02-03 17:35:24,549 - INFO - Processing image: ../../data/images\photo_2022-10-20_12-24-01.jpg
2025-02-03 17:35:24,779 - INFO - No detections found.
2025-02-03 17:35:24,780 - INFO - Processing image: ../../data/images\photo_2022-10-24_09-34-19.jpg
2025-02-03 17:35:25,054 - INFO - Detected 4 objects in ../../data/images\photo_2022-10-24_09-34-19.jpg
2025-02-03 17:35:25,057 - INFO - Saved detection results to data/detections\photo_2022-10-24_09-34-19_detections.csv
2025-02-03 17:35:25,132 - INFO - Saved detection for person to the database.
2025-02-03 17:35:25,208 - INFO - Saved detection for person to the database.
2025-02-03 17:35:25,307 - INFO - Saved detection for person to the database.
2025-02-03 17:35:25,387 - INFO - Saved detection for person to the database.
2025-02-03 17:35:25,387 - INFO - Processing image: ../../data/images\photo_2022-10-28_06-49-36.jpg
2025-02-03 17:35:25,690 - INFO - No detections found.
2025-02-03 17:35:25,691 - INFO - Processing image: ../../data/images\photo_2022-10-28_09-15-09.jpg
2025-02-03 17:35:25,946 - INFO - No detections found.
2025-02-03 17:35:25,946 - INFO - Processing image: ../../data/images\photo_2022-10-29_20-26-28.jpg
2025-02-03 17:35:26,220 - INFO - Detected 6 objects in ../../data/images\photo_2022-10-29_20-26-28.jpg
2025-02-03 17:35:26,223 - INFO - Saved detection results to data/detections\photo_2022-10-29_20-26-28_detections.csv
2025-02-03 17:35:26,306 - INFO - Saved detection for person to the database.
2025-02-03 17:35:26,374 - INFO - Saved detection for person to the database.
2025-02-03 17:35:26,438 - INFO - Saved detection for person to the database.
2025-02-03 17:35:26,505 - INFO - Saved detection for person to the database.
2025-02-03 17:35:26,579 - INFO - Saved detection for person to the database.
2025-02-03 17:35:26,810 - INFO - Saved detection for person to the database.
2025-02-03 17:35:26,811 - INFO - Processing image: ../../data/images\photo_2022-11-09_08-53-25.jpg
2025-02-03 17:35:27,095 - INFO - No detections found.
2025-02-03 17:35:27,096 - INFO - Processing image: ../../data/images\photo_2022-11-15_05-24-41.jpg
2025-02-03 17:35:27,360 - INFO - Detected 2 objects in ../../data/images\photo_2022-11-15_05-24-41.jpg
2025-02-03 17:35:27,362 - INFO - Saved detection results to data/detections\photo_2022-11-15_05-24-41_detections.csv
2025-02-03 17:35:27,446 - INFO - Saved detection for person to the database.
2025-02-03 17:35:27,527 - INFO - Saved detection for person to the database.
2025-02-03 17:35:27,527 - INFO - Processing image: ../../data/images\photo_2022-11-15_08-17-41.jpg
2025-02-03 17:35:27,770 - INFO - No detections found.
2025-02-03 17:35:27,770 - INFO - Processing image: ../../data/images\photo_2022-11-15_11-51-16.jpg
2025-02-03 17:35:28,082 - INFO - Detected 21 objects in ../../data/images\photo_2022-11-15_11-51-16.jpg
2025-02-03 17:35:28,086 - INFO - Saved detection results to data/detections\photo_2022-11-15_11-51-16_detections.csv
2025-02-03 17:35:28,185 - INFO - Saved detection for person to the database.
2025-02-03 17:35:28,270 - INFO - Saved detection for person to the database.
2025-02-03 17:35:28,341 - INFO - Saved detection for person to the database.
2025-02-03 17:35:28,635 - INFO - Saved detection for person to the database.
2025-02-03 17:35:28,734 - INFO - Saved detection for person to the database.
2025-02-03 17:35:28,833 - INFO - Saved detection for person to the database.
2025-02-03 17:35:28,927 - INFO - Saved detection for person to the database.
2025-02-03 17:35:29,040 - INFO - Saved detection for person to the database.
2025-02-03 17:35:29,162 - INFO - Saved detection for person to the database.
2025-02-03 17:35:29,256 - INFO - Saved detection for person to the database.
2025-02-03 17:35:29,343 - INFO - Saved detection for person to the database.
2025-02-03 17:35:29,432 - INFO - Saved detection for person to the database.
2025-02-03 17:35:29,520 - INFO - Saved detection for person to the database.
2025-02-03 17:35:29,610 - INFO - Saved detection for person to the database.
2025-02-03 17:35:29,700 - INFO - Saved detection for person to the database.
2025-02-03 17:35:29,793 - INFO - Saved detection for person to the database.
2025-02-03 17:35:29,924 - INFO - Saved detection for person to the database.
2025-02-03 17:35:30,055 - INFO - Saved detection for person to the database.
2025-02-03 17:35:30,187 - INFO - Saved detection for person to the database.
2025-02-03 17:35:30,357 - INFO - Saved detection for person to the database.
2025-02-03 17:35:30,479 - INFO - Saved detection for person to the database.
2025-02-03 17:35:30,479 - INFO - Processing image: ../../data/images\photo_2022-11-22_08-15-47.jpg
2025-02-03 17:35:30,841 - INFO - No detections found.
2025-02-03 17:35:30,842 - INFO - Processing image: ../../data/images\photo_2022-11-29_07-43-06.jpg
2025-02-03 17:35:31,121 - INFO - No detections found.
2025-02-03 17:35:31,121 - INFO - Processing image: ../../data/images\photo_2022-11-30_06-31-44.jpg
2025-02-03 17:35:31,405 - INFO - No detections found.
2025-02-03 17:35:31,406 - INFO - Processing image: ../../data/images\photo_2022-12-01_06-47-22.jpg
2025-02-03 17:35:31,712 - INFO - No detections found.
2025-02-03 17:35:31,712 - INFO - Processing image: ../../data/images\photo_2022-12-02_06-06-12.jpg
2025-02-03 17:35:32,019 - INFO - Detected 7 objects in ../../data/images\photo_2022-12-02_06-06-12.jpg
2025-02-03 17:35:32,023 - INFO - Saved detection results to data/detections\photo_2022-12-02_06-06-12_detections.csv
2025-02-03 17:35:32,119 - INFO - Saved detection for person to the database.
2025-02-03 17:35:32,191 - INFO - Saved detection for person to the database.
2025-02-03 17:35:32,262 - INFO - Saved detection for person to the database.
2025-02-03 17:35:32,393 - INFO - Saved detection for person to the database.
2025-02-03 17:35:32,472 - INFO - Saved detection for person to the database.
2025-02-03 17:35:32,552 - INFO - Saved detection for person to the database.
2025-02-03 17:35:32,925 - INFO - Saved detection for person to the database.
2025-02-03 17:35:32,925 - INFO - Processing image: ../../data/images\photo_2022-12-02_13-44-41.jpg
2025-02-03 17:35:33,241 - INFO - Detected 4 objects in ../../data/images\photo_2022-12-02_13-44-41.jpg
2025-02-03 17:35:33,244 - INFO - Saved detection results to data/detections\photo_2022-12-02_13-44-41_detections.csv
2025-02-03 17:35:33,330 - INFO - Saved detection for person to the database.
2025-02-03 17:35:33,419 - INFO - Saved detection for person to the database.
2025-02-03 17:35:33,507 - INFO - Saved detection for person to the database.
2025-02-03 17:35:33,593 - INFO - Saved detection for person to the database.
2025-02-03 17:35:33,594 - INFO - Processing image: ../../data/images\photo_2022-12-04_12-35-18.jpg
2025-02-03 17:35:33,923 - INFO - Detected 4 objects in ../../data/images\photo_2022-12-04_12-35-18.jpg
2025-02-03 17:35:33,926 - INFO - Saved detection results to data/detections\photo_2022-12-04_12-35-18_detections.csv
2025-02-03 17:35:34,006 - INFO - Saved detection for person to the database.
2025-02-03 17:35:34,087 - INFO - Saved detection for person to the database.
2025-02-03 17:35:34,152 - INFO - Saved detection for person to the database.
2025-02-03 17:35:34,283 - INFO - Saved detection for person to the database.
2025-02-03 17:35:34,283 - INFO - Processing image: ../../data/images\photo_2022-12-05_05-57-22.jpg
2025-02-03 17:35:34,616 - INFO - No detections found.
2025-02-03 17:35:34,616 - INFO - Processing image: ../../data/images\photo_2022-12-07_06-43-48.jpg
2025-02-03 17:35:34,865 - INFO - Detected 12 objects in ../../data/images\photo_2022-12-07_06-43-48.jpg
2025-02-03 17:35:34,868 - INFO - Saved detection results to data/detections\photo_2022-12-07_06-43-48_detections.csv
2025-02-03 17:35:34,941 - INFO - Saved detection for person to the database.
2025-02-03 17:35:35,022 - INFO - Saved detection for person to the database.
2025-02-03 17:35:35,091 - INFO - Saved detection for person to the database.
2025-02-03 17:35:35,259 - INFO - Saved detection for person to the database.
2025-02-03 17:35:35,418 - INFO - Saved detection for person to the database.
2025-02-03 17:35:35,545 - INFO - Saved detection for person to the database.
2025-02-03 17:35:35,670 - INFO - Saved detection for person to the database.
2025-02-03 17:35:35,940 - INFO - Saved detection for person to the database.
2025-02-03 17:35:36,059 - INFO - Saved detection for person to the database.
2025-02-03 17:35:36,153 - INFO - Saved detection for person to the database.
2025-02-03 17:35:36,229 - INFO - Saved detection for person to the database.
2025-02-03 17:35:36,303 - INFO - Saved detection for person to the database.
2025-02-03 17:35:36,304 - INFO - Processing image: ../../data/images\photo_2022-12-09_04-09-49.jpg
2025-02-03 17:35:36,595 - INFO - No detections found.
2025-02-03 17:35:36,595 - INFO - Processing image: ../../data/images\photo_2022-12-09_12-28-53.jpg
2025-02-03 17:35:36,867 - INFO - No detections found.
2025-02-03 17:35:36,868 - INFO - Processing image: ../../data/images\photo_2022-12-13_05-55-18.jpg
2025-02-03 17:35:37,110 - INFO - No detections found.
2025-02-03 17:35:37,110 - INFO - Processing image: ../../data/images\photo_2022-12-16_12-21-01.jpg
2025-02-03 17:35:37,396 - INFO - Detected 28 objects in ../../data/images\photo_2022-12-16_12-21-01.jpg
2025-02-03 17:35:37,400 - INFO - Saved detection results to data/detections\photo_2022-12-16_12-21-01_detections.csv
2025-02-03 17:35:37,480 - INFO - Saved detection for person to the database.
2025-02-03 17:35:37,547 - INFO - Saved detection for person to the database.
2025-02-03 17:35:37,606 - INFO - Saved detection for person to the database.
2025-02-03 17:35:37,672 - INFO - Saved detection for person to the database.
2025-02-03 17:35:37,806 - INFO - Saved detection for person to the database.
2025-02-03 17:35:37,935 - INFO - Saved detection for person to the database.
2025-02-03 17:35:38,067 - INFO - Saved detection for person to the database.
2025-02-03 17:35:38,198 - INFO - Saved detection for person to the database.
2025-02-03 17:35:38,324 - INFO - Saved detection for person to the database.
2025-02-03 17:35:38,452 - INFO - Saved detection for person to the database.
2025-02-03 17:35:38,577 - INFO - Saved detection for person to the database.
2025-02-03 17:35:38,701 - INFO - Saved detection for person to the database.
2025-02-03 17:35:38,829 - INFO - Saved detection for person to the database.
2025-02-03 17:35:38,958 - INFO - Saved detection for person to the database.
2025-02-03 17:35:39,086 - INFO - Saved detection for person to the database.
2025-02-03 17:35:39,215 - INFO - Saved detection for person to the database.
2025-02-03 17:35:39,336 - INFO - Saved detection for person to the database.
2025-02-03 17:35:39,460 - INFO - Saved detection for person to the database.
2025-02-03 17:35:39,687 - INFO - Saved detection for person to the database.
2025-02-03 17:35:39,782 - INFO - Saved detection for person to the database.
2025-02-03 17:35:39,883 - INFO - Saved detection for person to the database.
2025-02-03 17:35:39,979 - INFO - Saved detection for person to the database.
2025-02-03 17:35:40,072 - INFO - Saved detection for person to the database.
2025-02-03 17:35:40,161 - INFO - Saved detection for person to the database.
2025-02-03 17:35:40,253 - INFO - Saved detection for person to the database.
2025-02-03 17:35:40,336 - INFO - Saved detection for person to the database.
2025-02-03 17:35:40,440 - INFO - Saved detection for person to the database.
2025-02-03 17:35:40,540 - INFO - Saved detection for person to the database.
2025-02-03 17:35:40,541 - INFO - Processing image: ../../data/images\photo_2022-12-20_07-41-33.jpg
2025-02-03 17:35:40,958 - INFO - No detections found.
2025-02-03 17:35:40,959 - INFO - Processing image: ../../data/images\photo_2022-12-20_11-28-59.jpg
2025-02-03 17:35:41,376 - INFO - Detected 18 objects in ../../data/images\photo_2022-12-20_11-28-59.jpg
2025-02-03 17:35:41,382 - INFO - Saved detection results to data/detections\photo_2022-12-20_11-28-59_detections.csv
2025-02-03 17:35:41,489 - INFO - Saved detection for person to the database.
2025-02-03 17:35:41,577 - INFO - Saved detection for person to the database.
2025-02-03 17:35:41,661 - INFO - Saved detection for person to the database.
2025-02-03 17:35:41,787 - INFO - Saved detection for person to the database.
2025-02-03 17:35:41,911 - INFO - Saved detection for person to the database.
2025-02-03 17:35:42,036 - INFO - Saved detection for person to the database.
2025-02-03 17:35:42,165 - INFO - Saved detection for person to the database.
2025-02-03 17:35:42,246 - INFO - Saved detection for person to the database.
2025-02-03 17:35:42,332 - INFO - Saved detection for person to the database.
2025-02-03 17:35:42,437 - INFO - Saved detection for person to the database.
2025-02-03 17:35:42,555 - INFO - Saved detection for person to the database.
2025-02-03 17:35:42,647 - INFO - Saved detection for person to the database.
2025-02-03 17:35:42,770 - INFO - Saved detection for person to the database.
2025-02-03 17:35:42,902 - INFO - Saved detection for person to the database.
2025-02-03 17:35:42,990 - INFO - Saved detection for person to the database.
2025-02-03 17:35:43,250 - INFO - Saved detection for person to the database.
2025-02-03 17:35:43,376 - INFO - Saved detection for person to the database.
2025-02-03 17:35:43,516 - INFO - Saved detection for person to the database.
2025-02-03 17:35:43,517 - INFO - Processing image: ../../data/images\photo_2022-12-20_17-25-05.jpg
2025-02-03 17:35:43,948 - INFO - Detected 4 objects in ../../data/images\photo_2022-12-20_17-25-05.jpg
2025-02-03 17:35:43,954 - INFO - Saved detection results to data/detections\photo_2022-12-20_17-25-05_detections.csv
2025-02-03 17:35:44,056 - INFO - Saved detection for person to the database.
2025-02-03 17:35:44,143 - INFO - Saved detection for person to the database.
2025-02-03 17:35:44,223 - INFO - Saved detection for person to the database.
2025-02-03 17:35:44,349 - INFO - Saved detection for person to the database.
2025-02-03 17:35:44,350 - INFO - Processing image: ../../data/images\photo_2022-12-21_15-13-27.jpg
2025-02-03 17:35:44,737 - INFO - Detected 49 objects in ../../data/images\photo_2022-12-21_15-13-27.jpg
2025-02-03 17:35:44,741 - INFO - Saved detection results to data/detections\photo_2022-12-21_15-13-27_detections.csv
2025-02-03 17:35:44,851 - INFO - Saved detection for person to the database.
2025-02-03 17:35:44,953 - INFO - Saved detection for person to the database.
2025-02-03 17:35:45,048 - INFO - Saved detection for person to the database.
2025-02-03 17:35:45,179 - INFO - Saved detection for person to the database.
2025-02-03 17:35:45,315 - INFO - Saved detection for person to the database.
2025-02-03 17:35:45,446 - INFO - Saved detection for person to the database.
2025-02-03 17:35:45,586 - INFO - Saved detection for person to the database.
2025-02-03 17:35:45,716 - INFO - Saved detection for person to the database.
2025-02-03 17:35:45,870 - INFO - Saved detection for person to the database.
2025-02-03 17:35:45,958 - INFO - Saved detection for person to the database.
2025-02-03 17:35:46,082 - INFO - Saved detection for person to the database.
2025-02-03 17:35:46,211 - INFO - Saved detection for person to the database.
2025-02-03 17:35:46,339 - INFO - Saved detection for person to the database.
2025-02-03 17:35:46,667 - INFO - Saved detection for person to the database.
2025-02-03 17:35:46,766 - INFO - Saved detection for person to the database.
2025-02-03 17:35:46,894 - INFO - Saved detection for person to the database.
2025-02-03 17:35:47,022 - INFO - Saved detection for person to the database.
2025-02-03 17:35:47,146 - INFO - Saved detection for person to the database.
2025-02-03 17:35:47,275 - INFO - Saved detection for person to the database.
2025-02-03 17:35:47,410 - INFO - Saved detection for person to the database.
2025-02-03 17:35:47,539 - INFO - Saved detection for person to the database.
2025-02-03 17:35:47,674 - INFO - Saved detection for person to the database.
2025-02-03 17:35:47,813 - INFO - Saved detection for person to the database.
2025-02-03 17:35:47,931 - INFO - Saved detection for person to the database.
2025-02-03 17:35:48,069 - INFO - Saved detection for person to the database.
2025-02-03 17:35:48,369 - INFO - Saved detection for person to the database.
2025-02-03 17:35:48,528 - INFO - Saved detection for person to the database.
2025-02-03 17:35:48,648 - INFO - Saved detection for person to the database.
2025-02-03 17:35:48,910 - INFO - Saved detection for person to the database.
2025-02-03 17:35:48,998 - INFO - Saved detection for person to the database.
2025-02-03 17:35:49,091 - INFO - Saved detection for person to the database.
2025-02-03 17:35:49,214 - INFO - Saved detection for person to the database.
2025-02-03 17:35:49,448 - INFO - Saved detection for person to the database.
2025-02-03 17:35:49,577 - INFO - Saved detection for person to the database.
2025-02-03 17:35:49,699 - INFO - Saved detection for person to the database.
2025-02-03 17:35:49,791 - INFO - Saved detection for person to the database.
2025-02-03 17:35:49,890 - INFO - Saved detection for person to the database.
2025-02-03 17:35:49,986 - INFO - Saved detection for person to the database.
2025-02-03 17:35:50,086 - INFO - Saved detection for person to the database.
2025-02-03 17:35:50,179 - INFO - Saved detection for person to the database.
2025-02-03 17:35:50,276 - INFO - Saved detection for person to the database.
2025-02-03 17:35:50,373 - INFO - Saved detection for person to the database.
2025-02-03 17:35:50,466 - INFO - Saved detection for person to the database.
2025-02-03 17:35:50,546 - INFO - Saved detection for person to the database.
2025-02-03 17:35:50,631 - INFO - Saved detection for person to the database.
2025-02-03 17:35:50,724 - INFO - Saved detection for person to the database.
2025-02-03 17:35:50,822 - INFO - Saved detection for person to the database.
2025-02-03 17:35:51,033 - INFO - Saved detection for person to the database.
2025-02-03 17:35:51,131 - INFO - Saved detection for person to the database.
2025-02-03 17:35:51,132 - INFO - Processing image: ../../data/images\photo_2022-12-22_03-11-26.jpg
2025-02-03 17:35:51,496 - INFO - No detections found.
2025-02-03 17:35:51,496 - INFO - Processing image: ../../data/images\photo_2022-12-22_06-40-25.jpg
2025-02-03 17:35:51,819 - INFO - Detected 4 objects in ../../data/images\photo_2022-12-22_06-40-25.jpg
2025-02-03 17:35:51,823 - INFO - Saved detection results to data/detections\photo_2022-12-22_06-40-25_detections.csv
2025-02-03 17:35:51,914 - INFO - Saved detection for person to the database.
2025-02-03 17:35:51,991 - INFO - Saved detection for person to the database.
2025-02-03 17:35:52,065 - INFO - Saved detection for person to the database.
2025-02-03 17:35:52,141 - INFO - Saved detection for person to the database.
2025-02-03 17:35:52,142 - INFO - Processing image: ../../data/images\photo_2022-12-23_06-26-15.jpg
2025-02-03 17:35:52,547 - INFO - No detections found.
2025-02-03 17:35:52,548 - INFO - Processing image: ../../data/images\photo_2022-12-27_17-06-32.jpg
2025-02-03 17:35:52,991 - INFO - No detections found.
2025-02-03 17:35:52,991 - INFO - Processing image: ../../data/images\photo_2022-12-28_06-31-50.jpg
2025-02-03 17:35:53,378 - INFO - Detected 18 objects in ../../data/images\photo_2022-12-28_06-31-50.jpg
2025-02-03 17:35:53,381 - INFO - Saved detection results to data/detections\photo_2022-12-28_06-31-50_detections.csv
2025-02-03 17:35:53,471 - INFO - Saved detection for person to the database.
2025-02-03 17:35:53,698 - INFO - Saved detection for person to the database.
2025-02-03 17:35:53,832 - INFO - Saved detection for person to the database.
2025-02-03 17:35:53,965 - INFO - Saved detection for person to the database.
2025-02-03 17:35:54,094 - INFO - Saved detection for person to the database.
2025-02-03 17:35:54,222 - INFO - Saved detection for person to the database.
2025-02-03 17:35:54,343 - INFO - Saved detection for person to the database.
2025-02-03 17:35:54,477 - INFO - Saved detection for person to the database.
2025-02-03 17:35:54,613 - INFO - Saved detection for person to the database.
2025-02-03 17:35:54,748 - INFO - Saved detection for person to the database.
2025-02-03 17:35:54,877 - INFO - Saved detection for person to the database.
2025-02-03 17:35:55,010 - INFO - Saved detection for person to the database.
2025-02-03 17:35:55,142 - INFO - Saved detection for person to the database.
2025-02-03 17:35:55,269 - INFO - Saved detection for person to the database.
2025-02-03 17:35:55,395 - INFO - Saved detection for person to the database.
2025-02-03 17:35:55,532 - INFO - Saved detection for person to the database.
2025-02-03 17:35:55,671 - INFO - Saved detection for person to the database.
2025-02-03 17:35:55,798 - INFO - Saved detection for person to the database.
2025-02-03 17:35:55,799 - INFO - Processing image: ../../data/images\photo_2022-12-28_17-02-08.jpg
2025-02-03 17:35:56,246 - INFO - Detected 22 objects in ../../data/images\photo_2022-12-28_17-02-08.jpg
2025-02-03 17:35:56,252 - INFO - Saved detection results to data/detections\photo_2022-12-28_17-02-08_detections.csv
2025-02-03 17:35:56,349 - INFO - Saved detection for person to the database.
2025-02-03 17:35:56,443 - INFO - Saved detection for person to the database.
2025-02-03 17:35:56,529 - INFO - Saved detection for person to the database.
2025-02-03 17:35:56,667 - INFO - Saved detection for person to the database.
2025-02-03 17:35:56,775 - INFO - Saved detection for person to the database.
2025-02-03 17:35:56,909 - INFO - Saved detection for person to the database.
2025-02-03 17:35:57,040 - INFO - Saved detection for person to the database.
2025-02-03 17:35:57,167 - INFO - Saved detection for person to the database.
2025-02-03 17:35:57,308 - INFO - Saved detection for person to the database.
2025-02-03 17:35:57,432 - INFO - Saved detection for person to the database.
2025-02-03 17:35:57,581 - INFO - Saved detection for person to the database.
2025-02-03 17:35:57,702 - INFO - Saved detection for person to the database.
2025-02-03 17:35:57,797 - INFO - Saved detection for person to the database.
2025-02-03 17:35:57,893 - INFO - Saved detection for person to the database.
2025-02-03 17:35:57,990 - INFO - Saved detection for person to the database.
2025-02-03 17:35:58,091 - INFO - Saved detection for person to the database.
2025-02-03 17:35:58,220 - INFO - Saved detection for person to the database.
2025-02-03 17:35:58,365 - INFO - Saved detection for person to the database.
2025-02-03 17:35:58,602 - INFO - Saved detection for person to the database.
2025-02-03 17:35:58,733 - INFO - Saved detection for person to the database.
2025-02-03 17:35:58,863 - INFO - Saved detection for person to the database.
2025-02-03 17:35:58,991 - INFO - Saved detection for person to the database.
2025-02-03 17:35:58,991 - INFO - Processing image: ../../data/images\photo_2022-12-30_15-45-35.jpg
2025-02-03 17:35:59,428 - INFO - Detected 38 objects in ../../data/images\photo_2022-12-30_15-45-35.jpg
2025-02-03 17:35:59,434 - INFO - Saved detection results to data/detections\photo_2022-12-30_15-45-35_detections.csv
2025-02-03 17:35:59,543 - INFO - Saved detection for person to the database.
2025-02-03 17:35:59,635 - INFO - Saved detection for person to the database.
2025-02-03 17:35:59,723 - INFO - Saved detection for person to the database.
2025-02-03 17:35:59,850 - INFO - Saved detection for person to the database.
2025-02-03 17:35:59,982 - INFO - Saved detection for person to the database.
2025-02-03 17:36:00,114 - INFO - Saved detection for person to the database.
2025-02-03 17:36:00,243 - INFO - Saved detection for person to the database.
2025-02-03 17:36:00,376 - INFO - Saved detection for person to the database.
2025-02-03 17:36:00,512 - INFO - Saved detection for person to the database.
2025-02-03 17:36:00,644 - INFO - Saved detection for person to the database.
2025-02-03 17:36:00,782 - INFO - Saved detection for person to the database.
2025-02-03 17:36:00,915 - INFO - Saved detection for person to the database.
2025-02-03 17:36:01,052 - INFO - Saved detection for person to the database.
2025-02-03 17:36:01,187 - INFO - Saved detection for person to the database.
2025-02-03 17:36:01,327 - INFO - Saved detection for person to the database.
2025-02-03 17:36:01,462 - INFO - Saved detection for person to the database.
2025-02-03 17:36:01,595 - INFO - Saved detection for person to the database.
2025-02-03 17:36:01,724 - INFO - Saved detection for person to the database.
2025-02-03 17:36:01,853 - INFO - Saved detection for person to the database.
2025-02-03 17:36:01,987 - INFO - Saved detection for person to the database.
2025-02-03 17:36:02,116 - INFO - Saved detection for person to the database.
2025-02-03 17:36:02,230 - INFO - Saved detection for person to the database.
2025-02-03 17:36:02,359 - INFO - Saved detection for person to the database.
2025-02-03 17:36:02,490 - INFO - Saved detection for person to the database.
2025-02-03 17:36:02,620 - INFO - Saved detection for person to the database.
2025-02-03 17:36:02,751 - INFO - Saved detection for person to the database.
2025-02-03 17:36:02,882 - INFO - Saved detection for person to the database.
2025-02-03 17:36:03,011 - INFO - Saved detection for person to the database.
2025-02-03 17:36:03,140 - INFO - Saved detection for person to the database.
2025-02-03 17:36:03,265 - INFO - Saved detection for person to the database.
2025-02-03 17:36:03,395 - INFO - Saved detection for person to the database.
2025-02-03 17:36:03,530 - INFO - Saved detection for person to the database.
2025-02-03 17:36:03,665 - INFO - Saved detection for person to the database.
2025-02-03 17:36:03,810 - INFO - Saved detection for person to the database.
2025-02-03 17:36:03,912 - INFO - Saved detection for person to the database.
2025-02-03 17:36:04,044 - INFO - Saved detection for person to the database.
2025-02-03 17:36:04,177 - INFO - Saved detection for person to the database.
2025-02-03 17:36:04,307 - INFO - Saved detection for person to the database.
2025-02-03 17:36:04,308 - INFO - Processing image: ../../data/images\photo_2023-01-02_07-02-55.jpg
2025-02-03 17:36:04,743 - INFO - No detections found.
2025-02-03 17:36:04,743 - INFO - Processing image: ../../data/images\photo_2023-01-03_05-48-34.jpg
2025-02-03 17:36:05,169 - INFO - Detected 4 objects in ../../data/images\photo_2023-01-03_05-48-34.jpg
2025-02-03 17:36:05,173 - INFO - Saved detection results to data/detections\photo_2023-01-03_05-48-34_detections.csv
2025-02-03 17:36:05,269 - INFO - Saved detection for person to the database.
2025-02-03 17:36:05,353 - INFO - Saved detection for person to the database.
2025-02-03 17:36:05,439 - INFO - Saved detection for person to the database.
2025-02-03 17:36:05,575 - INFO - Saved detection for person to the database.
2025-02-03 17:36:05,576 - INFO - Processing image: ../../data/images\photo_2023-01-03_17-49-48.jpg
2025-02-03 17:36:06,163 - INFO - Detected 2 objects in ../../data/images\photo_2023-01-03_17-49-48.jpg
2025-02-03 17:36:06,168 - INFO - Saved detection results to data/detections\photo_2023-01-03_17-49-48_detections.csv
2025-02-03 17:36:06,276 - INFO - Saved detection for person to the database.
2025-02-03 17:36:06,359 - INFO - Saved detection for person to the database.
2025-02-03 17:36:06,359 - INFO - Processing image: ../../data/images\photo_2023-01-04_05-58-02.jpg
2025-02-03 17:36:06,773 - INFO - Detected 32 objects in ../../data/images\photo_2023-01-04_05-58-02.jpg
2025-02-03 17:36:06,780 - INFO - Saved detection results to data/detections\photo_2023-01-04_05-58-02_detections.csv
2025-02-03 17:36:06,997 - INFO - Saved detection for person to the database.
2025-02-03 17:36:07,145 - INFO - Saved detection for person to the database.
2025-02-03 17:36:07,275 - INFO - Saved detection for person to the database.
2025-02-03 17:36:07,413 - INFO - Saved detection for person to the database.
2025-02-03 17:36:07,546 - INFO - Saved detection for person to the database.
2025-02-03 17:36:07,675 - INFO - Saved detection for person to the database.
2025-02-03 17:36:07,808 - INFO - Saved detection for person to the database.
2025-02-03 17:36:07,933 - INFO - Saved detection for person to the database.
2025-02-03 17:36:08,023 - INFO - Saved detection for person to the database.
2025-02-03 17:36:08,155 - INFO - Saved detection for person to the database.
2025-02-03 17:36:08,505 - INFO - Saved detection for person to the database.
2025-02-03 17:36:08,662 - INFO - Saved detection for person to the database.
2025-02-03 17:36:08,796 - INFO - Saved detection for person to the database.
2025-02-03 17:36:08,933 - INFO - Saved detection for person to the database.
2025-02-03 17:36:09,065 - INFO - Saved detection for person to the database.
2025-02-03 17:36:09,168 - INFO - Saved detection for person to the database.
2025-02-03 17:36:09,298 - INFO - Saved detection for person to the database.
2025-02-03 17:36:09,428 - INFO - Saved detection for person to the database.
2025-02-03 17:36:09,559 - INFO - Saved detection for person to the database.
2025-02-03 17:36:09,690 - INFO - Saved detection for person to the database.
2025-02-03 17:36:09,823 - INFO - Saved detection for person to the database.
2025-02-03 17:36:09,952 - INFO - Saved detection for person to the database.
2025-02-03 17:36:10,081 - INFO - Saved detection for person to the database.
2025-02-03 17:36:10,211 - INFO - Saved detection for person to the database.
2025-02-03 17:36:10,344 - INFO - Saved detection for person to the database.
2025-02-03 17:36:10,476 - INFO - Saved detection for person to the database.
2025-02-03 17:36:10,610 - INFO - Saved detection for person to the database.
2025-02-03 17:36:10,743 - INFO - Saved detection for person to the database.
2025-02-03 17:36:10,875 - INFO - Saved detection for person to the database.
2025-02-03 17:36:11,003 - INFO - Saved detection for person to the database.
2025-02-03 17:36:11,130 - INFO - Saved detection for person to the database.
2025-02-03 17:36:11,247 - INFO - Saved detection for person to the database.
2025-02-03 17:36:11,247 - INFO - Processing image: ../../data/images\photo_2023-01-06_06-05-01.jpg
2025-02-03 17:36:11,697 - INFO - Detected 9 objects in ../../data/images\photo_2023-01-06_06-05-01.jpg
2025-02-03 17:36:11,702 - INFO - Saved detection results to data/detections\photo_2023-01-06_06-05-01_detections.csv
2025-02-03 17:36:11,805 - INFO - Saved detection for person to the database.
2025-02-03 17:36:11,896 - INFO - Saved detection for person to the database.
2025-02-03 17:36:11,990 - INFO - Saved detection for person to the database.
2025-02-03 17:36:12,125 - INFO - Saved detection for person to the database.
2025-02-03 17:36:12,259 - INFO - Saved detection for person to the database.
2025-02-03 17:36:12,391 - INFO - Saved detection for person to the database.
2025-02-03 17:36:12,522 - INFO - Saved detection for person to the database.
2025-02-03 17:36:12,654 - INFO - Saved detection for person to the database.
2025-02-03 17:36:12,793 - INFO - Saved detection for person to the database.
2025-02-03 17:36:12,794 - INFO - Processing image: ../../data/images\photo_2023-01-06_09-31-17.jpg
2025-02-03 17:36:13,229 - INFO - No detections found.
2025-02-03 17:36:13,230 - INFO - Processing image: ../../data/images\photo_2023-01-06_16-06-21.jpg
2025-02-03 17:36:13,653 - INFO - Detected 11 objects in ../../data/images\photo_2023-01-06_16-06-21.jpg
2025-02-03 17:36:13,658 - INFO - Saved detection results to data/detections\photo_2023-01-06_16-06-21_detections.csv
2025-02-03 17:36:13,768 - INFO - Saved detection for person to the database.
2025-02-03 17:36:13,859 - INFO - Saved detection for person to the database.
2025-02-03 17:36:13,942 - INFO - Saved detection for person to the database.
2025-02-03 17:36:14,038 - INFO - Saved detection for person to the database.
2025-02-03 17:36:14,168 - INFO - Saved detection for person to the database.
2025-02-03 17:36:14,313 - INFO - Saved detection for person to the database.
2025-02-03 17:36:14,443 - INFO - Saved detection for person to the database.
2025-02-03 17:36:14,556 - INFO - Saved detection for person to the database.
2025-02-03 17:36:14,686 - INFO - Saved detection for person to the database.
2025-02-03 17:36:14,819 - INFO - Saved detection for person to the database.
2025-02-03 17:36:14,949 - INFO - Saved detection for person to the database.
2025-02-03 17:36:14,951 - INFO - Processing image: ../../data/images\photo_2023-01-13_09-44-14.jpg
2025-02-03 17:36:15,417 - INFO - Detected 38 objects in ../../data/images\photo_2023-01-13_09-44-14.jpg
2025-02-03 17:36:15,422 - INFO - Saved detection results to data/detections\photo_2023-01-13_09-44-14_detections.csv
2025-02-03 17:36:15,528 - INFO - Saved detection for person to the database.
2025-02-03 17:36:15,622 - INFO - Saved detection for person to the database.
2025-02-03 17:36:15,759 - INFO - Saved detection for person to the database.
2025-02-03 17:36:16,112 - INFO - Saved detection for person to the database.
2025-02-03 17:36:16,276 - INFO - Saved detection for person to the database.
2025-02-03 17:36:16,408 - INFO - Saved detection for person to the database.
2025-02-03 17:36:16,545 - INFO - Saved detection for person to the database.
2025-02-03 17:36:16,674 - INFO - Saved detection for person to the database.
2025-02-03 17:36:16,806 - INFO - Saved detection for person to the database.
2025-02-03 17:36:16,936 - INFO - Saved detection for person to the database.
2025-02-03 17:36:17,035 - INFO - Saved detection for person to the database.
2025-02-03 17:36:17,151 - INFO - Saved detection for person to the database.
2025-02-03 17:36:17,241 - INFO - Saved detection for person to the database.
2025-02-03 17:36:17,342 - INFO - Saved detection for person to the database.
2025-02-03 17:36:17,468 - INFO - Saved detection for person to the database.
2025-02-03 17:36:17,597 - INFO - Saved detection for person to the database.
2025-02-03 17:36:17,729 - INFO - Saved detection for person to the database.
2025-02-03 17:36:17,959 - INFO - Saved detection for person to the database.
2025-02-03 17:36:18,074 - INFO - Saved detection for person to the database.
2025-02-03 17:36:18,207 - INFO - Saved detection for person to the database.
2025-02-03 17:36:18,337 - INFO - Saved detection for person to the database.
2025-02-03 17:36:18,474 - INFO - Saved detection for person to the database.
2025-02-03 17:36:18,604 - INFO - Saved detection for person to the database.
2025-02-03 17:36:18,731 - INFO - Saved detection for person to the database.
2025-02-03 17:36:18,856 - INFO - Saved detection for person to the database.
2025-02-03 17:36:18,988 - INFO - Saved detection for person to the database.
2025-02-03 17:36:19,118 - INFO - Saved detection for person to the database.
2025-02-03 17:36:19,247 - INFO - Saved detection for person to the database.
2025-02-03 17:36:19,359 - INFO - Saved detection for person to the database.
2025-02-03 17:36:19,498 - INFO - Saved detection for person to the database.
2025-02-03 17:36:19,639 - INFO - Saved detection for person to the database.
2025-02-03 17:36:19,784 - INFO - Saved detection for person to the database.
2025-02-03 17:36:19,915 - INFO - Saved detection for person to the database.
2025-02-03 17:36:20,043 - INFO - Saved detection for person to the database.
2025-02-03 17:36:20,176 - INFO - Saved detection for person to the database.
2025-02-03 17:36:20,303 - INFO - Saved detection for person to the database.
2025-02-03 17:36:20,472 - INFO - Saved detection for person to the database.
2025-02-03 17:36:20,602 - INFO - Saved detection for person to the database.
2025-02-03 17:36:20,603 - INFO - Processing image: ../../data/images\photo_2023-01-13_12-48-47.jpg
2025-02-03 17:36:21,048 - INFO - Detected 47 objects in ../../data/images\photo_2023-01-13_12-48-47.jpg
2025-02-03 17:36:21,054 - INFO - Saved detection results to data/detections\photo_2023-01-13_12-48-47_detections.csv
2025-02-03 17:36:21,158 - INFO - Saved detection for person to the database.
2025-02-03 17:36:21,257 - INFO - Saved detection for person to the database.
2025-02-03 17:36:21,371 - INFO - Saved detection for person to the database.
2025-02-03 17:36:21,498 - INFO - Saved detection for person to the database.
2025-02-03 17:36:21,839 - INFO - Saved detection for person to the database.
2025-02-03 17:36:21,994 - INFO - Saved detection for person to the database.
2025-02-03 17:36:22,125 - INFO - Saved detection for person to the database.
2025-02-03 17:36:22,251 - INFO - Saved detection for person to the database.
2025-02-03 17:36:22,390 - INFO - Saved detection for person to the database.
2025-02-03 17:36:22,522 - INFO - Saved detection for person to the database.
2025-02-03 17:36:22,653 - INFO - Saved detection for person to the database.
2025-02-03 17:36:22,782 - INFO - Saved detection for person to the database.
2025-02-03 17:36:22,912 - INFO - Saved detection for person to the database.
2025-02-03 17:36:23,050 - INFO - Saved detection for person to the database.
2025-02-03 17:36:23,180 - INFO - Saved detection for person to the database.
2025-02-03 17:36:23,287 - INFO - Saved detection for person to the database.
2025-02-03 17:36:23,401 - INFO - Saved detection for person to the database.
2025-02-03 17:36:23,491 - INFO - Saved detection for person to the database.
2025-02-03 17:36:23,579 - INFO - Saved detection for person to the database.
2025-02-03 17:36:23,662 - INFO - Saved detection for person to the database.
2025-02-03 17:36:23,739 - INFO - Saved detection for person to the database.
2025-02-03 17:36:23,881 - INFO - Saved detection for person to the database.
2025-02-03 17:36:23,974 - INFO - Saved detection for person to the database.
2025-02-03 17:36:24,093 - INFO - Saved detection for person to the database.
2025-02-03 17:36:24,221 - INFO - Saved detection for person to the database.
2025-02-03 17:36:24,339 - INFO - Saved detection for person to the database.
2025-02-03 17:36:24,436 - INFO - Saved detection for person to the database.
2025-02-03 17:36:24,533 - INFO - Saved detection for person to the database.
2025-02-03 17:36:24,616 - INFO - Saved detection for person to the database.
2025-02-03 17:36:24,712 - INFO - Saved detection for person to the database.
2025-02-03 17:36:24,810 - INFO - Saved detection for person to the database.
2025-02-03 17:36:24,895 - INFO - Saved detection for person to the database.
2025-02-03 17:36:24,983 - INFO - Saved detection for person to the database.
2025-02-03 17:36:25,105 - INFO - Saved detection for person to the database.
2025-02-03 17:36:25,221 - INFO - Saved detection for person to the database.
2025-02-03 17:36:25,324 - INFO - Saved detection for person to the database.
2025-02-03 17:36:25,438 - INFO - Saved detection for person to the database.
2025-02-03 17:36:25,542 - INFO - Saved detection for person to the database.
2025-02-03 17:36:25,621 - INFO - Saved detection for person to the database.
2025-02-03 17:36:25,701 - INFO - Saved detection for person to the database.
2025-02-03 17:36:25,787 - INFO - Saved detection for person to the database.
2025-02-03 17:36:25,869 - INFO - Saved detection for person to the database.
2025-02-03 17:36:25,958 - INFO - Saved detection for person to the database.
2025-02-03 17:36:26,045 - INFO - Saved detection for person to the database.
2025-02-03 17:36:26,124 - INFO - Saved detection for person to the database.
2025-02-03 17:36:26,205 - INFO - Saved detection for person to the database.
2025-02-03 17:36:26,294 - INFO - Saved detection for person to the database.
2025-02-03 17:36:26,294 - INFO - Processing image: ../../data/images\photo_2023-01-16_09-26-09.jpg
2025-02-03 17:36:26,751 - INFO - No detections found.
2025-02-03 17:36:26,751 - INFO - Processing image: ../../data/images\photo_2023-01-16_10-13-42.jpg
2025-02-03 17:36:27,163 - INFO - Detected 29 objects in ../../data/images\photo_2023-01-16_10-13-42.jpg
2025-02-03 17:36:27,168 - INFO - Saved detection results to data/detections\photo_2023-01-16_10-13-42_detections.csv
2025-02-03 17:36:27,264 - INFO - Saved detection for person to the database.
2025-02-03 17:36:27,354 - INFO - Saved detection for person to the database.
2025-02-03 17:36:27,447 - INFO - Saved detection for person to the database.
2025-02-03 17:36:27,523 - INFO - Saved detection for person to the database.
2025-02-03 17:36:27,604 - INFO - Saved detection for person to the database.
2025-02-03 17:36:27,704 - INFO - Saved detection for person to the database.
2025-02-03 17:36:27,806 - INFO - Saved detection for person to the database.
2025-02-03 17:36:27,906 - INFO - Saved detection for person to the database.
2025-02-03 17:36:28,017 - INFO - Saved detection for person to the database.
2025-02-03 17:36:28,149 - INFO - Saved detection for person to the database.
2025-02-03 17:36:28,279 - INFO - Saved detection for person to the database.
2025-02-03 17:36:28,405 - INFO - Saved detection for person to the database.
2025-02-03 17:36:28,585 - INFO - Saved detection for person to the database.
2025-02-03 17:36:28,700 - INFO - Saved detection for person to the database.
2025-02-03 17:36:28,824 - INFO - Saved detection for person to the database.
2025-02-03 17:36:28,946 - INFO - Saved detection for person to the database.
2025-02-03 17:36:29,073 - INFO - Saved detection for person to the database.
2025-02-03 17:36:29,201 - INFO - Saved detection for person to the database.
2025-02-03 17:36:29,335 - INFO - Saved detection for person to the database.
2025-02-03 17:36:29,448 - INFO - Saved detection for person to the database.
2025-02-03 17:36:29,538 - INFO - Saved detection for person to the database.
2025-02-03 17:36:29,612 - INFO - Saved detection for person to the database.
2025-02-03 17:36:29,687 - INFO - Saved detection for person to the database.
2025-02-03 17:36:29,760 - INFO - Saved detection for person to the database.
2025-02-03 17:36:29,838 - INFO - Saved detection for person to the database.
2025-02-03 17:36:29,912 - INFO - Saved detection for person to the database.
2025-02-03 17:36:29,985 - INFO - Saved detection for person to the database.
2025-02-03 17:36:30,070 - INFO - Saved detection for person to the database.
2025-02-03 17:36:30,160 - INFO - Saved detection for person to the database.
2025-02-03 17:36:30,161 - INFO - Processing image: ../../data/images\photo_2023-01-16_13-41-35.jpg
2025-02-03 17:36:30,632 - INFO - No detections found.
2025-02-03 17:36:30,633 - INFO - Processing image: ../../data/images\photo_2023-01-17_08-43-12.jpg
2025-02-03 17:36:31,039 - INFO - No detections found.
2025-02-03 17:36:31,039 - INFO - Processing image: ../../data/images\photo_2023-01-23_10-39-20.jpg
2025-02-03 17:36:31,372 - INFO - No detections found.
2025-02-03 17:36:31,373 - INFO - Processing image: ../../data/images\photo_2023-01-26_18-27-53.jpg
2025-02-03 17:36:31,783 - INFO - No detections found.
2025-02-03 17:36:31,783 - INFO - Processing image: ../../data/images\photo_2023-01-27_07-18-40.jpg
2025-02-03 17:36:32,209 - INFO - No detections found.
2025-02-03 17:36:32,210 - INFO - Processing image: ../../data/images\photo_2023-01-30_09-45-25.jpg
2025-02-03 17:36:32,648 - INFO - Detected 5 objects in ../../data/images\photo_2023-01-30_09-45-25.jpg
2025-02-03 17:36:32,651 - INFO - Saved detection results to data/detections\photo_2023-01-30_09-45-25_detections.csv
2025-02-03 17:36:32,768 - INFO - Saved detection for person to the database.
2025-02-03 17:36:32,863 - INFO - Saved detection for person to the database.
2025-02-03 17:36:32,962 - INFO - Saved detection for person to the database.
2025-02-03 17:36:33,096 - INFO - Saved detection for person to the database.
2025-02-03 17:36:33,228 - INFO - Saved detection for person to the database.
2025-02-03 17:36:33,229 - INFO - Processing image: ../../data/images\photo_2023-01-31_09-19-53.jpg
2025-02-03 17:36:33,669 - INFO - Detected 35 objects in ../../data/images\photo_2023-01-31_09-19-53.jpg
2025-02-03 17:36:33,676 - INFO - Saved detection results to data/detections\photo_2023-01-31_09-19-53_detections.csv
2025-02-03 17:36:33,898 - INFO - Saved detection for person to the database.
2025-02-03 17:36:34,066 - INFO - Saved detection for person to the database.
2025-02-03 17:36:34,202 - INFO - Saved detection for person to the database.
2025-02-03 17:36:34,332 - INFO - Saved detection for person to the database.
2025-02-03 17:36:34,464 - INFO - Saved detection for person to the database.
2025-02-03 17:36:34,595 - INFO - Saved detection for person to the database.
2025-02-03 17:36:34,827 - INFO - Saved detection for person to the database.
2025-02-03 17:36:34,956 - INFO - Saved detection for person to the database.
2025-02-03 17:36:35,062 - INFO - Saved detection for person to the database.
2025-02-03 17:36:35,169 - INFO - Saved detection for person to the database.
2025-02-03 17:36:35,302 - INFO - Saved detection for person to the database.
2025-02-03 17:36:35,442 - INFO - Saved detection for person to the database.
2025-02-03 17:36:35,583 - INFO - Saved detection for person to the database.
2025-02-03 17:36:35,714 - INFO - Saved detection for person to the database.
2025-02-03 17:36:35,850 - INFO - Saved detection for person to the database.
2025-02-03 17:36:35,984 - INFO - Saved detection for person to the database.
2025-02-03 17:36:36,119 - INFO - Saved detection for person to the database.
2025-02-03 17:36:36,253 - INFO - Saved detection for person to the database.
2025-02-03 17:36:36,383 - INFO - Saved detection for person to the database.
2025-02-03 17:36:36,516 - INFO - Saved detection for person to the database.
2025-02-03 17:36:36,648 - INFO - Saved detection for person to the database.
2025-02-03 17:36:36,780 - INFO - Saved detection for person to the database.
2025-02-03 17:36:36,908 - INFO - Saved detection for person to the database.
2025-02-03 17:36:37,043 - INFO - Saved detection for person to the database.
2025-02-03 17:36:37,171 - INFO - Saved detection for person to the database.
2025-02-03 17:36:37,301 - INFO - Saved detection for person to the database.
2025-02-03 17:36:37,431 - INFO - Saved detection for person to the database.
2025-02-03 17:36:37,562 - INFO - Saved detection for person to the database.
2025-02-03 17:36:37,694 - INFO - Saved detection for person to the database.
2025-02-03 17:36:37,790 - INFO - Saved detection for person to the database.
2025-02-03 17:36:37,926 - INFO - Saved detection for person to the database.
2025-02-03 17:36:38,054 - INFO - Saved detection for person to the database.
2025-02-03 17:36:38,176 - INFO - Saved detection for person to the database.
2025-02-03 17:36:38,304 - INFO - Saved detection for person to the database.
2025-02-03 17:36:38,436 - INFO - Saved detection for person to the database.
2025-02-03 17:36:38,437 - INFO - Processing image: ../../data/images\photo_2023-02-01_08-59-37.jpg
2025-02-03 17:36:38,860 - INFO - Detected 4 objects in ../../data/images\photo_2023-02-01_08-59-37.jpg
2025-02-03 17:36:38,865 - INFO - Saved detection results to data/detections\photo_2023-02-01_08-59-37_detections.csv
2025-02-03 17:36:38,971 - INFO - Saved detection for person to the database.
2025-02-03 17:36:39,065 - INFO - Saved detection for person to the database.
2025-02-03 17:36:39,174 - INFO - Saved detection for person to the database.
2025-02-03 17:36:39,305 - INFO - Saved detection for person to the database.
2025-02-03 17:36:39,305 - INFO - Processing image: ../../data/images\photo_2023-02-02_08-58-52.jpg
2025-02-03 17:36:39,766 - INFO - No detections found.
2025-02-03 17:36:39,768 - INFO - Processing image: ../../data/images\photo_2023-02-10_12-23-06.jpg
2025-02-03 17:36:40,196 - INFO - No detections found.
2025-02-03 17:36:40,197 - INFO - Processing image: ../../data/images\photo_2024-12-28_05-07-40 (1).jpg
2025-02-03 17:36:40,633 - INFO - No detections found.
2025-02-03 17:36:40,634 - INFO - Processing image: ../../data/images\photo_2024-12-28_05-07-40 (2).jpg
2025-02-03 17:36:41,048 - INFO - No detections found.
2025-02-03 17:36:41,049 - INFO - Processing image: ../../data/images\photo_2024-12-28_05-07-40 (3).jpg
2025-02-03 17:36:41,512 - INFO - No detections found.
2025-02-03 17:36:41,513 - INFO - Processing image: ../../data/images\photo_2024-12-28_05-07-40 (4).jpg
